INFO 2026-02-20 08:40:51,405 autoreload 21768 139901962554240 Watching for file changes with StatReloader
INFO 2026-02-20 08:44:26,436 log 21768 139901886170816 "OPTIONS /api/auth/me HTTP/1.1" 200 0
INFO 2026-02-20 08:44:26,436 log 21768 139901877778112 "OPTIONS /api/auth/me HTTP/1.1" 200 0
INFO 2026-02-20 08:44:26,450 log 21768 139901877778112 "GET /api/auth/me HTTP/1.1" 301 0
INFO 2026-02-20 08:44:26,499 log 21768 139901877778112 "OPTIONS /api/auth/me/ HTTP/1.1" 200 0
INFO 2026-02-20 08:44:26,500 log 21768 139901886170816 "OPTIONS /api/auth/me/ HTTP/1.1" 200 0
WARNING 2026-02-20 08:44:26,502 log 21768 139901886170816 Unauthorized: /api/auth/me/
WARNING 2026-02-20 08:44:26,503 log 21768 139901886170816 "GET /api/auth/me/ HTTP/1.1" 401 26
WARNING 2026-02-20 08:44:26,549 log 21768 139901877778112 Unauthorized: /api/auth/me/
WARNING 2026-02-20 08:44:26,550 log 21768 139901877778112 "GET /api/auth/me/ HTTP/1.1" 401 26
ERROR 2026-02-20 08:44:26,584 log 21768 139901886170816 Internal Server Error: /api/auth/logout
Traceback (most recent call last):
  File "/home/brandon/projects/gatepass/backend_env/lib/python3.14/site-packages/django/core/handlers/exception.py", line 55, in inner
    response = get_response(request)
  File "/home/brandon/projects/gatepass/backend_env/lib/python3.14/site-packages/django/utils/deprecation.py", line 311, in __call__
    response = self.process_response(request, response)
  File "/home/brandon/projects/gatepass/backend_env/lib/python3.14/site-packages/django/middleware/common.py", line 109, in process_response
    self.get_full_path_with_slash(request)
    ~~~~~~~~~~~~~~~~~~~~~~~~~~~~~^^^^^^^^^
  File "/home/brandon/projects/gatepass/backend_env/lib/python3.14/site-packages/django/middleware/common.py", line 87, in get_full_path_with_slash
    raise RuntimeError(
    ...<9 lines>...
    )
RuntimeError: You called this URL via POST, but the URL doesn't end in a slash and you have APPEND_SLASH set. Django can't redirect to the slash URL while maintaining POST data. Change your form to point to localhost:8000/api/auth/logout/ (note the trailing slash), or set APPEND_SLASH=False in your Django settings.
INFO 2026-02-20 08:50:39,609 autoreload 28982 139771823311744 Watching for file changes with StatReloader
INFO 2026-02-20 08:51:06,929 autoreload 29728 140582404807552 Watching for file changes with StatReloader
WARNING 2026-02-20 08:54:29,820 log 29728 140582260479680 Not Found: /api/auth/health/
WARNING 2026-02-20 08:54:29,821 log 29728 140582260479680 "GET /api/auth/health/ HTTP/1.1" 404 7214
WARNING 2026-02-20 08:54:38,693 log 29728 140582260479680 Unauthorized: /api/auth/me/
WARNING 2026-02-20 08:54:38,693 log 29728 140582260479680 "GET /api/auth/me/ HTTP/1.1" 401 58
WARNING 2026-02-20 08:55:32,053 log 29728 140582260479680 Not Found: /
WARNING 2026-02-20 08:55:32,054 log 29728 140582260479680 "GET / HTTP/1.1" 404 2805
WARNING 2026-02-20 08:55:32,139 log 29728 140582260479680 Not Found: /favicon.ico
WARNING 2026-02-20 08:55:32,139 log 29728 140582260479680 "GET /favicon.ico HTTP/1.1" 404 2856
INFO 2026-02-20 08:59:28,601 log 29728 140582260479680 "OPTIONS /api/auth/login/ HTTP/1.1" 200 0
INFO 2026-02-20 08:59:28,775 views 29728 140582260479680 User jdoe@anu.ac.ke logged in successfully
INFO 2026-02-20 08:59:28,776 log 29728 140582260479680 "POST /api/auth/login/ HTTP/1.1" 200 1293
INFO 2026-02-20 08:59:28,890 log 29728 140582260479680 "OPTIONS /api/assets/ HTTP/1.1" 200 0
INFO 2026-02-20 08:59:28,891 log 29728 140582251038400 "OPTIONS /api/assets/ HTTP/1.1" 200 0
INFO 2026-02-20 08:59:28,898 log 29728 140582260479680 "GET /api/assets/ HTTP/1.1" 200 2395
INFO 2026-02-20 08:59:28,945 log 29728 140582260479680 "OPTIONS /api/vehicles/ HTTP/1.1" 200 0
INFO 2026-02-20 08:59:28,953 log 29728 140582251038400 "GET /api/assets/ HTTP/1.1" 200 2395
INFO 2026-02-20 08:59:28,958 log 29728 140582251038400 "OPTIONS /api/vehicles/ HTTP/1.1" 200 0
INFO 2026-02-20 08:59:28,997 log 29728 140582260479680 "GET /api/vehicles/ HTTP/1.1" 200 1249
INFO 2026-02-20 08:59:29,050 log 29728 140582251038400 "GET /api/vehicles/ HTTP/1.1" 200 1249
WARNING 2026-02-20 08:59:53,425 log 29728 140582251038400 Unauthorized: /api/assets/
WARNING 2026-02-20 08:59:53,426 log 29728 140582251038400 "GET /api/assets/ HTTP/1.1" 401 58
WARNING 2026-02-20 08:59:53,428 log 29728 140582260479680 Unauthorized: /api/assets/
WARNING 2026-02-20 08:59:53,429 log 29728 140582260479680 "GET /api/assets/ HTTP/1.1" 401 58
INFO 2026-02-20 09:00:16,362 views 29728 140582260479680 User admin@anu.ac.ke logged in successfully
INFO 2026-02-20 09:00:16,363 log 29728 140582260479680 "POST /api/auth/login/ HTTP/1.1" 200 1267
